{"/Users/vivekbajpai/Dropbox/Projects/VowpalWabbit/index.js":{"path":"/Users/vivekbajpai/Dropbox/Projects/VowpalWabbit/index.js","s":{"1":1,"2":1,"3":3,"4":3,"5":3,"6":3,"7":3,"8":3,"9":3,"10":3,"11":3,"12":3,"13":3,"14":1,"15":1,"16":1,"17":3,"18":3,"19":3,"20":3,"21":2,"22":3,"23":0,"24":3,"25":0,"26":3,"27":0,"28":1,"29":0,"30":0,"31":0,"32":0,"33":0,"34":0,"35":0,"36":0,"37":0,"38":0,"39":1,"40":3,"41":3,"42":3,"43":3,"44":3,"45":3,"46":3,"47":3,"48":3,"49":1,"50":3,"51":3,"52":3,"53":2,"54":3,"55":0,"56":0,"57":0,"58":3,"59":0,"60":1,"61":0,"62":0,"63":0,"64":0,"65":0,"66":0,"67":1,"68":0,"69":0,"70":0,"71":0,"72":0,"73":0,"74":0,"75":0,"76":0,"77":1,"78":0,"79":0,"80":0,"81":0,"82":0,"83":0,"84":0,"85":0,"86":0,"87":0,"88":1,"89":2,"90":2,"91":2,"92":1,"93":2,"94":2,"95":2,"96":2,"97":1,"98":2,"99":2,"100":1,"101":2,"102":2,"103":2,"104":2,"105":0,"106":2,"107":2,"108":2,"109":2,"110":2,"111":2,"112":2,"113":0,"114":0,"115":0,"116":1,"117":3,"118":0,"119":3,"120":0,"121":3,"122":0,"123":3,"124":1,"125":3,"126":3,"127":3,"128":3,"129":3},"b":{"1":[3,0],"2":[3,0],"3":[3,0],"4":[0,0],"5":[3,0],"6":[0,0],"7":[0,0],"8":[0,0],"9":[0,0],"10":[2,0],"11":[2,2],"12":[0,2],"13":[2,2],"14":[2,0],"15":[2,0],"16":[0,3],"17":[0,3],"18":[3,3],"19":[0,3],"20":[3,0],"21":[0,3],"22":[3,0],"23":[3,3]},"f":{"1":3,"2":3,"3":3,"4":2,"5":0,"6":0,"7":0,"8":0,"9":0,"10":3,"11":3,"12":2,"13":0,"14":0,"15":0,"16":0,"17":0,"18":0,"19":0,"20":0,"21":2,"22":2,"23":2,"24":2,"25":3,"26":3},"fnMap":{"1":{"name":"VWClient","line":9,"loc":{"start":{"line":9,"column":0},"end":{"line":9,"column":38}}},"2":{"name":"(anonymous_2)","line":32,"loc":{"start":{"line":32,"column":43},"end":{"line":32,"column":53}}},"3":{"name":"(anonymous_3)","line":36,"loc":{"start":{"line":36,"column":27},"end":{"line":36,"column":37}}},"4":{"name":"(anonymous_4)","line":39,"loc":{"start":{"line":39,"column":24},"end":{"line":39,"column":38}}},"5":{"name":"(anonymous_5)","line":42,"loc":{"start":{"line":42,"column":25},"end":{"line":42,"column":35}}},"6":{"name":"(anonymous_6)","line":45,"loc":{"start":{"line":45,"column":25},"end":{"line":45,"column":38}}},"7":{"name":"(anonymous_7)","line":49,"loc":{"start":{"line":49,"column":23},"end":{"line":49,"column":33}}},"8":{"name":"(anonymous_8)","line":54,"loc":{"start":{"line":54,"column":39},"end":{"line":54,"column":55}}},"9":{"name":"(anonymous_9)","line":63,"loc":{"start":{"line":63,"column":31},"end":{"line":63,"column":41}}},"10":{"name":"(anonymous_10)","line":70,"loc":{"start":{"line":70,"column":31},"end":{"line":70,"column":41}}},"11":{"name":"(anonymous_11)","line":84,"loc":{"start":{"line":84,"column":33},"end":{"line":84,"column":43}}},"12":{"name":"(anonymous_12)","line":87,"loc":{"start":{"line":87,"column":31},"end":{"line":87,"column":45}}},"13":{"name":"(anonymous_13)","line":91,"loc":{"start":{"line":91,"column":37},"end":{"line":91,"column":52}}},"14":{"name":"(anonymous_14)","line":98,"loc":{"start":{"line":98,"column":31},"end":{"line":98,"column":44}}},"15":{"name":"(anonymous_15)","line":104,"loc":{"start":{"line":104,"column":29},"end":{"line":104,"column":42}}},"16":{"name":"(anonymous_16)","line":115,"loc":{"start":{"line":115,"column":34},"end":{"line":115,"column":47}}},"17":{"name":"(anonymous_17)","line":122,"loc":{"start":{"line":122,"column":20},"end":{"line":122,"column":32}}},"18":{"name":"(anonymous_18)","line":129,"loc":{"start":{"line":129,"column":19},"end":{"line":129,"column":31}}},"19":{"name":"(anonymous_19)","line":135,"loc":{"start":{"line":135,"column":37},"end":{"line":135,"column":50}}},"20":{"name":"(anonymous_20)","line":146,"loc":{"start":{"line":146,"column":21},"end":{"line":146,"column":33}}},"21":{"name":"(anonymous_21)","line":155,"loc":{"start":{"line":155,"column":28},"end":{"line":155,"column":51}}},"22":{"name":"(anonymous_22)","line":166,"loc":{"start":{"line":166,"column":34},"end":{"line":166,"column":57}}},"23":{"name":"Command","line":175,"loc":{"start":{"line":175,"column":0},"end":{"line":175,"column":32}}},"24":{"name":"(anonymous_24)","line":179,"loc":{"start":{"line":179,"column":35},"end":{"line":179,"column":59}}},"25":{"name":"(anonymous_25)","line":209,"loc":{"start":{"line":209,"column":23},"end":{"line":209,"column":54}}},"26":{"name":"(anonymous_26)","line":230,"loc":{"start":{"line":230,"column":26},"end":{"line":230,"column":55}}}},"statementMap":{"1":{"start":{"line":1,"column":0},"end":{"line":7,"column":27}},"2":{"start":{"line":9,"column":0},"end":{"line":27,"column":1}},"3":{"start":{"line":10,"column":1},"end":{"line":10,"column":17}},"4":{"start":{"line":11,"column":1},"end":{"line":11,"column":40}},"5":{"start":{"line":12,"column":1},"end":{"line":12,"column":26}},"6":{"start":{"line":13,"column":1},"end":{"line":13,"column":34}},"7":{"start":{"line":14,"column":1},"end":{"line":14,"column":26}},"8":{"start":{"line":15,"column":1},"end":{"line":17,"column":2}},"9":{"start":{"line":16,"column":2},"end":{"line":16,"column":33}},"10":{"start":{"line":18,"column":1},"end":{"line":20,"column":2}},"11":{"start":{"line":19,"column":2},"end":{"line":19,"column":35}},"12":{"start":{"line":22,"column":0},"end":{"line":22,"column":29}},"13":{"start":{"line":25,"column":0},"end":{"line":25,"column":31}},"14":{"start":{"line":28,"column":0},"end":{"line":28,"column":45}},"15":{"start":{"line":30,"column":0},"end":{"line":30,"column":28}},"16":{"start":{"line":32,"column":0},"end":{"line":53,"column":1}},"17":{"start":{"line":34,"column":1},"end":{"line":34,"column":17}},"18":{"start":{"line":36,"column":1},"end":{"line":38,"column":3}},"19":{"start":{"line":37,"column":2},"end":{"line":37,"column":19}},"20":{"start":{"line":39,"column":1},"end":{"line":41,"column":3}},"21":{"start":{"line":40,"column":2},"end":{"line":40,"column":20}},"22":{"start":{"line":42,"column":1},"end":{"line":44,"column":3}},"23":{"start":{"line":43,"column":2},"end":{"line":43,"column":34}},"24":{"start":{"line":45,"column":1},"end":{"line":48,"column":4}},"25":{"start":{"line":47,"column":2},"end":{"line":47,"column":28}},"26":{"start":{"line":49,"column":1},"end":{"line":51,"column":3}},"27":{"start":{"line":50,"column":2},"end":{"line":50,"column":32}},"28":{"start":{"line":54,"column":0},"end":{"line":69,"column":1}},"29":{"start":{"line":56,"column":0},"end":{"line":56,"column":16}},"30":{"start":{"line":57,"column":0},"end":{"line":59,"column":1}},"31":{"start":{"line":58,"column":1},"end":{"line":58,"column":8}},"32":{"start":{"line":60,"column":0},"end":{"line":60,"column":29}},"33":{"start":{"line":61,"column":0},"end":{"line":61,"column":26}},"34":{"start":{"line":62,"column":0},"end":{"line":62,"column":25}},"35":{"start":{"line":63,"column":0},"end":{"line":67,"column":6}},"36":{"start":{"line":64,"column":1},"end":{"line":64,"column":62}},"37":{"start":{"line":65,"column":1},"end":{"line":65,"column":59}},"38":{"start":{"line":66,"column":1},"end":{"line":66,"column":30}},"39":{"start":{"line":70,"column":0},"end":{"line":83,"column":1}},"40":{"start":{"line":71,"column":1},"end":{"line":71,"column":17}},"41":{"start":{"line":72,"column":4},"end":{"line":74,"column":2}},"42":{"start":{"line":73,"column":2},"end":{"line":73,"column":27}},"43":{"start":{"line":75,"column":1},"end":{"line":75,"column":53}},"44":{"start":{"line":76,"column":1},"end":{"line":76,"column":27}},"45":{"start":{"line":77,"column":1},"end":{"line":77,"column":25}},"46":{"start":{"line":78,"column":1},"end":{"line":78,"column":26}},"47":{"start":{"line":79,"column":1},"end":{"line":79,"column":20}},"48":{"start":{"line":80,"column":1},"end":{"line":80,"column":22}},"49":{"start":{"line":84,"column":0},"end":{"line":102,"column":1}},"50":{"start":{"line":85,"column":1},"end":{"line":85,"column":17}},"51":{"start":{"line":86,"column":1},"end":{"line":86,"column":43}},"52":{"start":{"line":87,"column":1},"end":{"line":90,"column":4}},"53":{"start":{"line":89,"column":2},"end":{"line":89,"column":26}},"54":{"start":{"line":91,"column":1},"end":{"line":97,"column":4}},"55":{"start":{"line":92,"column":2},"end":{"line":96,"column":3}},"56":{"start":{"line":93,"column":3},"end":{"line":93,"column":28}},"57":{"start":{"line":95,"column":3},"end":{"line":95,"column":39}},"58":{"start":{"line":98,"column":1},"end":{"line":100,"column":4}},"59":{"start":{"line":99,"column":2},"end":{"line":99,"column":68}},"60":{"start":{"line":104,"column":0},"end":{"line":114,"column":1}},"61":{"start":{"line":106,"column":1},"end":{"line":106,"column":27}},"62":{"start":{"line":107,"column":1},"end":{"line":107,"column":33}},"63":{"start":{"line":108,"column":1},"end":{"line":108,"column":24}},"64":{"start":{"line":109,"column":1},"end":{"line":109,"column":20}},"65":{"start":{"line":110,"column":1},"end":{"line":110,"column":36}},"66":{"start":{"line":111,"column":4},"end":{"line":111,"column":36}},"67":{"start":{"line":115,"column":0},"end":{"line":134,"column":1}},"68":{"start":{"line":116,"column":1},"end":{"line":116,"column":46}},"69":{"start":{"line":118,"column":1},"end":{"line":132,"column":2}},"70":{"start":{"line":119,"column":2},"end":{"line":125,"column":3}},"71":{"start":{"line":120,"column":3},"end":{"line":120,"column":29}},"72":{"start":{"line":122,"column":3},"end":{"line":124,"column":6}},"73":{"start":{"line":123,"column":4},"end":{"line":123,"column":23}},"74":{"start":{"line":127,"column":2},"end":{"line":127,"column":59}},"75":{"start":{"line":129,"column":2},"end":{"line":131,"column":5}},"76":{"start":{"line":130,"column":3},"end":{"line":130,"column":13}},"77":{"start":{"line":135,"column":0},"end":{"line":154,"column":1}},"78":{"start":{"line":137,"column":1},"end":{"line":137,"column":24}},"79":{"start":{"line":138,"column":1},"end":{"line":138,"column":24}},"80":{"start":{"line":140,"column":1},"end":{"line":151,"column":2}},"81":{"start":{"line":141,"column":2},"end":{"line":141,"column":43}},"82":{"start":{"line":142,"column":2},"end":{"line":150,"column":3}},"83":{"start":{"line":143,"column":3},"end":{"line":149,"column":4}},"84":{"start":{"line":144,"column":4},"end":{"line":144,"column":32}},"85":{"start":{"line":146,"column":4},"end":{"line":148,"column":7}},"86":{"start":{"line":147,"column":5},"end":{"line":147,"column":24}},"87":{"start":{"line":152,"column":1},"end":{"line":152,"column":34}},"88":{"start":{"line":155,"column":0},"end":{"line":164,"column":1}},"89":{"start":{"line":157,"column":1},"end":{"line":161,"column":2}},"90":{"start":{"line":158,"column":2},"end":{"line":158,"column":43}},"91":{"start":{"line":160,"column":2},"end":{"line":160,"column":25}},"92":{"start":{"line":166,"column":0},"end":{"line":173,"column":1}},"93":{"start":{"line":168,"column":1},"end":{"line":168,"column":33}},"94":{"start":{"line":169,"column":1},"end":{"line":169,"column":31}},"95":{"start":{"line":170,"column":1},"end":{"line":170,"column":42}},"96":{"start":{"line":171,"column":1},"end":{"line":171,"column":44}},"97":{"start":{"line":175,"column":0},"end":{"line":178,"column":1}},"98":{"start":{"line":176,"column":1},"end":{"line":176,"column":18}},"99":{"start":{"line":177,"column":1},"end":{"line":177,"column":26}},"100":{"start":{"line":179,"column":0},"end":{"line":208,"column":1}},"101":{"start":{"line":180,"column":1},"end":{"line":180,"column":34}},"102":{"start":{"line":181,"column":1},"end":{"line":181,"column":26}},"103":{"start":{"line":182,"column":1},"end":{"line":206,"column":1}},"104":{"start":{"line":184,"column":2},"end":{"line":184,"column":75}},"105":{"start":{"line":184,"column":34},"end":{"line":184,"column":75}},"106":{"start":{"line":186,"column":2},"end":{"line":203,"column":1}},"107":{"start":{"line":187,"column":3},"end":{"line":187,"column":34}},"108":{"start":{"line":188,"column":3},"end":{"line":188,"column":45}},"109":{"start":{"line":189,"column":3},"end":{"line":189,"column":40}},"110":{"start":{"line":191,"column":3},"end":{"line":201,"column":2}},"111":{"start":{"line":192,"column":4},"end":{"line":196,"column":5}},"112":{"start":{"line":194,"column":5},"end":{"line":194,"column":64}},"113":{"start":{"line":199,"column":2},"end":{"line":199,"column":52}},"114":{"start":{"line":200,"column":2},"end":{"line":200,"column":42}},"115":{"start":{"line":205,"column":1},"end":{"line":205,"column":38}},"116":{"start":{"line":209,"column":0},"end":{"line":228,"column":1}},"117":{"start":{"line":211,"column":1},"end":{"line":227,"column":2}},"118":{"start":{"line":213,"column":2},"end":{"line":213,"column":61}},"119":{"start":{"line":215,"column":7},"end":{"line":227,"column":2}},"120":{"start":{"line":217,"column":2},"end":{"line":217,"column":57}},"121":{"start":{"line":219,"column":7},"end":{"line":227,"column":2}},"122":{"start":{"line":221,"column":2},"end":{"line":221,"column":57}},"123":{"start":{"line":225,"column":2},"end":{"line":225,"column":49}},"124":{"start":{"line":230,"column":0},"end":{"line":243,"column":1}},"125":{"start":{"line":231,"column":1},"end":{"line":235,"column":2}},"126":{"start":{"line":237,"column":1},"end":{"line":237,"column":66}},"127":{"start":{"line":238,"column":1},"end":{"line":238,"column":66}},"128":{"start":{"line":240,"column":1},"end":{"line":240,"column":46}},"129":{"start":{"line":242,"column":1},"end":{"line":242,"column":18}}},"branchMap":{"1":{"line":11,"type":"binary-expr","locations":[{"start":{"line":11,"column":26},"end":{"line":11,"column":33}},{"start":{"line":11,"column":37},"end":{"line":11,"column":39}}]},"2":{"line":15,"type":"if","locations":[{"start":{"line":15,"column":1},"end":{"line":15,"column":1}},{"start":{"line":15,"column":1},"end":{"line":15,"column":1}}]},"3":{"line":18,"type":"if","locations":[{"start":{"line":18,"column":1},"end":{"line":18,"column":1}},{"start":{"line":18,"column":1},"end":{"line":18,"column":1}}]},"4":{"line":57,"type":"if","locations":[{"start":{"line":57,"column":0},"end":{"line":57,"column":0}},{"start":{"line":57,"column":0},"end":{"line":57,"column":0}}]},"5":{"line":72,"type":"if","locations":[{"start":{"line":72,"column":4},"end":{"line":72,"column":4}},{"start":{"line":72,"column":4},"end":{"line":72,"column":4}}]},"6":{"line":92,"type":"if","locations":[{"start":{"line":92,"column":2},"end":{"line":92,"column":2}},{"start":{"line":92,"column":2},"end":{"line":92,"column":2}}]},"7":{"line":118,"type":"if","locations":[{"start":{"line":118,"column":1},"end":{"line":118,"column":1}},{"start":{"line":118,"column":1},"end":{"line":118,"column":1}}]},"8":{"line":118,"type":"binary-expr","locations":[{"start":{"line":118,"column":5},"end":{"line":118,"column":16}},{"start":{"line":118,"column":20},"end":{"line":118,"column":62}}]},"9":{"line":142,"type":"if","locations":[{"start":{"line":142,"column":2},"end":{"line":142,"column":2}},{"start":{"line":142,"column":2},"end":{"line":142,"column":2}}]},"10":{"line":182,"type":"if","locations":[{"start":{"line":182,"column":1},"end":{"line":182,"column":1}},{"start":{"line":182,"column":1},"end":{"line":182,"column":1}}]},"11":{"line":182,"type":"binary-expr","locations":[{"start":{"line":182,"column":4},"end":{"line":182,"column":34}},{"start":{"line":182,"column":38},"end":{"line":182,"column":66}}]},"12":{"line":184,"type":"if","locations":[{"start":{"line":184,"column":2},"end":{"line":184,"column":2}},{"start":{"line":184,"column":2},"end":{"line":184,"column":2}}]},"13":{"line":184,"type":"binary-expr","locations":[{"start":{"line":184,"column":6},"end":{"line":184,"column":14}},{"start":{"line":184,"column":18},"end":{"line":184,"column":32}}]},"14":{"line":186,"type":"if","locations":[{"start":{"line":186,"column":2},"end":{"line":186,"column":2}},{"start":{"line":186,"column":2},"end":{"line":186,"column":2}}]},"15":{"line":192,"type":"if","locations":[{"start":{"line":192,"column":4},"end":{"line":192,"column":4}},{"start":{"line":192,"column":4},"end":{"line":192,"column":4}}]},"16":{"line":211,"type":"if","locations":[{"start":{"line":211,"column":1},"end":{"line":211,"column":1}},{"start":{"line":211,"column":1},"end":{"line":211,"column":1}}]},"17":{"line":215,"type":"if","locations":[{"start":{"line":215,"column":7},"end":{"line":215,"column":7}},{"start":{"line":215,"column":7},"end":{"line":215,"column":7}}]},"18":{"line":215,"type":"binary-expr","locations":[{"start":{"line":215,"column":10},"end":{"line":215,"column":34}},{"start":{"line":215,"column":38},"end":{"line":215,"column":63}}]},"19":{"line":219,"type":"if","locations":[{"start":{"line":219,"column":7},"end":{"line":219,"column":7}},{"start":{"line":219,"column":7},"end":{"line":219,"column":7}}]},"20":{"line":219,"type":"binary-expr","locations":[{"start":{"line":219,"column":10},"end":{"line":219,"column":35}},{"start":{"line":219,"column":39},"end":{"line":219,"column":63}}]},"21":{"line":234,"type":"cond-expr","locations":[{"start":{"line":234,"column":54},"end":{"line":234,"column":55}},{"start":{"line":234,"column":58},"end":{"line":234,"column":59}}]},"22":{"line":234,"type":"binary-expr","locations":[{"start":{"line":234,"column":14},"end":{"line":234,"column":21}},{"start":{"line":234,"column":25},"end":{"line":234,"column":50}}]},"23":{"line":238,"type":"binary-expr","locations":[{"start":{"line":238,"column":51},"end":{"line":238,"column":58}},{"start":{"line":238,"column":62},"end":{"line":238,"column":64}}]}}},"/Users/vivekbajpai/Dropbox/Projects/VowpalWabbit/lib/queue.js":{"path":"/Users/vivekbajpai/Dropbox/Projects/VowpalWabbit/lib/queue.js","s":{"1":1,"2":3,"3":3,"4":3,"5":1,"6":2,"7":2,"8":2,"9":2,"10":2,"11":2,"12":2,"13":0,"14":2,"15":1,"16":2,"17":1},"b":{"1":[2,0],"2":[0,2]},"f":{"1":3,"2":2,"3":2},"fnMap":{"1":{"name":"Queue","line":1,"loc":{"start":{"line":1,"column":-15},"end":{"line":1,"column":17}}},"2":{"name":"(anonymous_2)","line":6,"loc":{"start":{"line":6,"column":24},"end":{"line":6,"column":36}}},"3":{"name":"(anonymous_3)","line":19,"loc":{"start":{"line":19,"column":23},"end":{"line":19,"column":39}}}},"statementMap":{"1":{"start":{"line":1,"column":-15},"end":{"line":5,"column":1}},"2":{"start":{"line":2,"column":1},"end":{"line":2,"column":16}},"3":{"start":{"line":3,"column":1},"end":{"line":3,"column":16}},"4":{"start":{"line":4,"column":1},"end":{"line":4,"column":16}},"5":{"start":{"line":6,"column":0},"end":{"line":18,"column":1}},"6":{"start":{"line":7,"column":1},"end":{"line":16,"column":2}},"7":{"start":{"line":8,"column":2},"end":{"line":8,"column":22}},"8":{"start":{"line":9,"column":2},"end":{"line":9,"column":17}},"9":{"start":{"line":10,"column":2},"end":{"line":10,"column":24}},"10":{"start":{"line":11,"column":2},"end":{"line":11,"column":18}},"11":{"start":{"line":12,"column":2},"end":{"line":12,"column":17}},"12":{"start":{"line":13,"column":2},"end":{"line":15,"column":3}},"13":{"start":{"line":14,"column":3},"end":{"line":14,"column":10}},"14":{"start":{"line":17,"column":1},"end":{"line":17,"column":32}},"15":{"start":{"line":19,"column":0},"end":{"line":21,"column":3}},"16":{"start":{"line":20,"column":2},"end":{"line":20,"column":30}},"17":{"start":{"line":23,"column":0},"end":{"line":23,"column":24}}},"branchMap":{"1":{"line":7,"type":"if","locations":[{"start":{"line":7,"column":1},"end":{"line":7,"column":1}},{"start":{"line":7,"column":1},"end":{"line":7,"column":1}}]},"2":{"line":13,"type":"if","locations":[{"start":{"line":13,"column":2},"end":{"line":13,"column":2}},{"start":{"line":13,"column":2},"end":{"line":13,"column":2}}]}}},"/Users/vivekbajpai/Dropbox/Projects/VowpalWabbit/lib/parser.js":{"path":"/Users/vivekbajpai/Dropbox/Projects/VowpalWabbit/lib/parser.js","s":{"1":1,"2":1,"3":1,"4":3,"5":3,"6":3,"7":3,"8":3,"9":3,"10":3,"11":3,"12":1,"13":1,"14":1,"15":0,"16":0,"17":1,"18":1,"19":2,"20":2,"21":14,"22":2,"23":1,"24":2,"25":2,"26":2,"27":1,"28":2,"29":2,"30":2,"31":22,"32":22,"33":22,"34":0,"35":22,"36":22,"37":2,"38":2,"39":2,"40":0,"41":2,"42":2,"43":2,"44":0,"45":0,"46":1,"47":2,"48":0,"49":2,"50":2,"51":2,"52":0,"53":0,"54":0,"55":0,"56":0,"57":0,"58":0,"59":0,"60":0,"61":0,"62":0,"63":0,"64":1,"65":0,"66":0,"67":0,"68":1,"69":22,"70":1,"71":0,"72":1,"73":0,"74":1,"75":2},"b":{"1":[3,0],"2":[0,22],"3":[2,20],"4":[0,2],"5":[2,0],"6":[0,2],"7":[2,0],"8":[0,0],"9":[0,0],"10":[0,22]},"f":{"1":3,"2":0,"3":2,"4":2,"5":2,"6":2,"7":0,"8":22,"9":0,"10":0,"11":2},"fnMap":{"1":{"name":"ReplyParser","line":6,"loc":{"start":{"line":6,"column":0},"end":{"line":6,"column":30}}},"2":{"name":"IncompleteReadBuffer","line":22,"loc":{"start":{"line":22,"column":0},"end":{"line":22,"column":39}}},"3":{"name":"small_toString","line":28,"loc":{"start":{"line":28,"column":0},"end":{"line":28,"column":41}}},"4":{"name":"(anonymous_4)","line":37,"loc":{"start":{"line":37,"column":37},"end":{"line":37,"column":61}}},"5":{"name":"(anonymous_5)","line":46,"loc":{"start":{"line":46,"column":32},"end":{"line":46,"column":50}}},"6":{"name":"(anonymous_6)","line":89,"loc":{"start":{"line":89,"column":31},"end":{"line":89,"column":52}}},"7":{"name":"(anonymous_7)","line":130,"loc":{"start":{"line":130,"column":36},"end":{"line":130,"column":48}}},"8":{"name":"(anonymous_8)","line":140,"loc":{"start":{"line":140,"column":40},"end":{"line":140,"column":52}}},"9":{"name":"(anonymous_9)","line":145,"loc":{"start":{"line":145,"column":37},"end":{"line":145,"column":56}}},"10":{"name":"(anonymous_10)","line":149,"loc":{"start":{"line":149,"column":35},"end":{"line":149,"column":52}}},"11":{"name":"(anonymous_11)","line":153,"loc":{"start":{"line":153,"column":35},"end":{"line":153,"column":52}}}},"statementMap":{"1":{"start":{"line":1,"column":0},"end":{"line":2,"column":29}},"2":{"start":{"line":4,"column":0},"end":{"line":4,"column":27}},"3":{"start":{"line":6,"column":0},"end":{"line":16,"column":1}},"4":{"start":{"line":7,"column":4},"end":{"line":7,"column":29}},"5":{"start":{"line":8,"column":4},"end":{"line":8,"column":34}},"6":{"start":{"line":10,"column":4},"end":{"line":10,"column":35}},"7":{"start":{"line":11,"column":4},"end":{"line":11,"column":32}},"8":{"start":{"line":12,"column":4},"end":{"line":12,"column":38}},"9":{"start":{"line":13,"column":4},"end":{"line":13,"column":49}},"10":{"start":{"line":14,"column":4},"end":{"line":14,"column":35}},"11":{"start":{"line":15,"column":4},"end":{"line":15,"column":32}},"12":{"start":{"line":18,"column":0},"end":{"line":18,"column":48}},"13":{"start":{"line":20,"column":0},"end":{"line":20,"column":29}},"14":{"start":{"line":22,"column":0},"end":{"line":25,"column":1}},"15":{"start":{"line":23,"column":4},"end":{"line":23,"column":39}},"16":{"start":{"line":24,"column":4},"end":{"line":24,"column":27}},"17":{"start":{"line":26,"column":0},"end":{"line":26,"column":43}},"18":{"start":{"line":28,"column":0},"end":{"line":35,"column":1}},"19":{"start":{"line":29,"column":4},"end":{"line":29,"column":20}},"20":{"start":{"line":31,"column":4},"end":{"line":33,"column":5}},"21":{"start":{"line":32,"column":8},"end":{"line":32,"column":43}},"22":{"start":{"line":34,"column":4},"end":{"line":34,"column":15}},"23":{"start":{"line":37,"column":0},"end":{"line":44,"column":2}},"24":{"start":{"line":38,"column":4},"end":{"line":38,"column":25}},"25":{"start":{"line":39,"column":4},"end":{"line":39,"column":29}},"26":{"start":{"line":41,"column":3},"end":{"line":41,"column":59}},"27":{"start":{"line":46,"column":0},"end":{"line":87,"column":2}},"28":{"start":{"line":47,"column":4},"end":{"line":47,"column":24}},"29":{"start":{"line":49,"column":4},"end":{"line":49,"column":31}},"30":{"start":{"line":51,"column":4},"end":{"line":86,"column":5}},"31":{"start":{"line":52,"column":8},"end":{"line":52,"column":30}},"32":{"start":{"line":54,"column":8},"end":{"line":85,"column":9}},"33":{"start":{"line":56,"column":12},"end":{"line":59,"column":13}},"34":{"start":{"line":58,"column":16},"end":{"line":58,"column":22}},"35":{"start":{"line":61,"column":12},"end":{"line":61,"column":48}},"36":{"start":{"line":63,"column":12},"end":{"line":75,"column":13}},"37":{"start":{"line":65,"column":16},"end":{"line":65,"column":33}},"38":{"start":{"line":68,"column":16},"end":{"line":68,"column":54}},"39":{"start":{"line":70,"column":16},"end":{"line":72,"column":17}},"40":{"start":{"line":71,"column":20},"end":{"line":71,"column":26}},"41":{"start":{"line":74,"column":16},"end":{"line":74,"column":37}},"42":{"start":{"line":80,"column":12},"end":{"line":82,"column":13}},"43":{"start":{"line":81,"column":14},"end":{"line":81,"column":24}},"44":{"start":{"line":83,"column":12},"end":{"line":83,"column":34}},"45":{"start":{"line":84,"column":12},"end":{"line":84,"column":18}},"46":{"start":{"line":89,"column":0},"end":{"line":128,"column":2}},"47":{"start":{"line":90,"column":4},"end":{"line":93,"column":5}},"48":{"start":{"line":92,"column":8},"end":{"line":92,"column":15}},"49":{"start":{"line":96,"column":4},"end":{"line":100,"column":5}},"50":{"start":{"line":97,"column":8},"end":{"line":97,"column":33}},"51":{"start":{"line":99,"column":8},"end":{"line":99,"column":15}},"52":{"start":{"line":103,"column":4},"end":{"line":108,"column":5}},"53":{"start":{"line":104,"column":8},"end":{"line":104,"column":33}},"54":{"start":{"line":105,"column":8},"end":{"line":105,"column":25}},"55":{"start":{"line":106,"column":8},"end":{"line":106,"column":20}},"56":{"start":{"line":107,"column":8},"end":{"line":107,"column":15}},"57":{"start":{"line":111,"column":4},"end":{"line":125,"column":5}},"58":{"start":{"line":112,"column":8},"end":{"line":112,"column":84}},"59":{"start":{"line":117,"column":8},"end":{"line":119,"column":46}},"60":{"start":{"line":120,"column":8},"end":{"line":120,"column":54}},"61":{"start":{"line":121,"column":8},"end":{"line":121,"column":48}},"62":{"start":{"line":123,"column":8},"end":{"line":123,"column":33}},"63":{"start":{"line":127,"column":4},"end":{"line":127,"column":21}},"64":{"start":{"line":130,"column":0},"end":{"line":137,"column":2}},"65":{"start":{"line":131,"column":4},"end":{"line":132,"column":68}},"66":{"start":{"line":134,"column":4},"end":{"line":134,"column":27}},"67":{"start":{"line":136,"column":4},"end":{"line":136,"column":17}},"68":{"start":{"line":140,"column":0},"end":{"line":143,"column":2}},"69":{"start":{"line":142,"column":4},"end":{"line":142,"column":95}},"70":{"start":{"line":145,"column":0},"end":{"line":147,"column":2}},"71":{"start":{"line":146,"column":4},"end":{"line":146,"column":32}},"72":{"start":{"line":149,"column":0},"end":{"line":151,"column":2}},"73":{"start":{"line":150,"column":4},"end":{"line":150,"column":36}},"74":{"start":{"line":153,"column":0},"end":{"line":155,"column":2}},"75":{"start":{"line":154,"column":4},"end":{"line":154,"column":30}}},"branchMap":{"1":{"line":8,"type":"binary-expr","locations":[{"start":{"line":8,"column":19},"end":{"line":8,"column":26}},{"start":{"line":8,"column":30},"end":{"line":8,"column":33}}]},"2":{"line":56,"type":"if","locations":[{"start":{"line":56,"column":12},"end":{"line":56,"column":12}},{"start":{"line":56,"column":12},"end":{"line":56,"column":12}}]},"3":{"line":63,"type":"if","locations":[{"start":{"line":63,"column":12},"end":{"line":63,"column":12}},{"start":{"line":63,"column":12},"end":{"line":63,"column":12}}]},"4":{"line":70,"type":"if","locations":[{"start":{"line":70,"column":16},"end":{"line":70,"column":16}},{"start":{"line":70,"column":16},"end":{"line":70,"column":16}}]},"5":{"line":80,"type":"if","locations":[{"start":{"line":80,"column":12},"end":{"line":80,"column":12}},{"start":{"line":80,"column":12},"end":{"line":80,"column":12}}]},"6":{"line":90,"type":"if","locations":[{"start":{"line":90,"column":4},"end":{"line":90,"column":4}},{"start":{"line":90,"column":4},"end":{"line":90,"column":4}}]},"7":{"line":96,"type":"if","locations":[{"start":{"line":96,"column":4},"end":{"line":96,"column":4}},{"start":{"line":96,"column":4},"end":{"line":96,"column":4}}]},"8":{"line":103,"type":"if","locations":[{"start":{"line":103,"column":4},"end":{"line":103,"column":4}},{"start":{"line":103,"column":4},"end":{"line":103,"column":4}}]},"9":{"line":111,"type":"if","locations":[{"start":{"line":111,"column":4},"end":{"line":111,"column":4}},{"start":{"line":111,"column":4},"end":{"line":111,"column":4}}]},"10":{"line":142,"type":"cond-expr","locations":[{"start":{"line":142,"column":54},"end":{"line":142,"column":55}},{"start":{"line":142,"column":59},"end":{"line":142,"column":93}}]}}}}