TN:
SF:/Users/vivekbajpai/Dropbox/Projects/VowpalWabbit/index.js
FN:9,VWClient
FN:32,(anonymous_2)
FN:36,(anonymous_3)
FN:39,(anonymous_4)
FN:42,(anonymous_5)
FN:45,(anonymous_6)
FN:49,(anonymous_7)
FN:54,(anonymous_8)
FN:63,(anonymous_9)
FN:70,(anonymous_10)
FN:84,(anonymous_11)
FN:87,(anonymous_12)
FN:91,(anonymous_13)
FN:98,(anonymous_14)
FN:104,(anonymous_15)
FN:115,(anonymous_16)
FN:122,(anonymous_17)
FN:129,(anonymous_18)
FN:135,(anonymous_19)
FN:146,(anonymous_20)
FN:155,(anonymous_21)
FN:166,(anonymous_22)
FN:175,Command
FN:179,(anonymous_24)
FN:209,(anonymous_25)
FN:230,(anonymous_26)
FNF:26
FNH:13
FNDA:3,VWClient
FNDA:3,(anonymous_2)
FNDA:3,(anonymous_3)
FNDA:2,(anonymous_4)
FNDA:0,(anonymous_5)
FNDA:0,(anonymous_6)
FNDA:0,(anonymous_7)
FNDA:0,(anonymous_8)
FNDA:0,(anonymous_9)
FNDA:3,(anonymous_10)
FNDA:3,(anonymous_11)
FNDA:2,(anonymous_12)
FNDA:0,(anonymous_13)
FNDA:0,(anonymous_14)
FNDA:0,(anonymous_15)
FNDA:0,(anonymous_16)
FNDA:0,(anonymous_17)
FNDA:0,(anonymous_18)
FNDA:0,(anonymous_19)
FNDA:0,(anonymous_20)
FNDA:2,(anonymous_21)
FNDA:2,(anonymous_22)
FNDA:2,Command
FNDA:2,(anonymous_24)
FNDA:3,(anonymous_25)
FNDA:3,(anonymous_26)
DA:1,1
DA:9,1
DA:10,3
DA:11,3
DA:12,3
DA:13,3
DA:14,3
DA:15,3
DA:16,3
DA:18,3
DA:19,3
DA:22,3
DA:25,3
DA:28,1
DA:30,1
DA:32,1
DA:34,3
DA:36,3
DA:37,3
DA:39,3
DA:40,2
DA:42,3
DA:43,0
DA:45,3
DA:47,0
DA:49,3
DA:50,0
DA:54,1
DA:56,0
DA:57,0
DA:58,0
DA:60,0
DA:61,0
DA:62,0
DA:63,0
DA:64,0
DA:65,0
DA:66,0
DA:70,1
DA:71,3
DA:72,3
DA:73,3
DA:75,3
DA:76,3
DA:77,3
DA:78,3
DA:79,3
DA:80,3
DA:84,1
DA:85,3
DA:86,3
DA:87,3
DA:89,2
DA:91,3
DA:92,0
DA:93,0
DA:95,0
DA:98,3
DA:99,0
DA:104,1
DA:106,0
DA:107,0
DA:108,0
DA:109,0
DA:110,0
DA:111,0
DA:115,1
DA:116,0
DA:118,0
DA:119,0
DA:120,0
DA:122,0
DA:123,0
DA:127,0
DA:129,0
DA:130,0
DA:135,1
DA:137,0
DA:138,0
DA:140,0
DA:141,0
DA:142,0
DA:143,0
DA:144,0
DA:146,0
DA:147,0
DA:152,0
DA:155,1
DA:157,2
DA:158,2
DA:160,2
DA:166,1
DA:168,2
DA:169,2
DA:170,2
DA:171,2
DA:175,1
DA:176,2
DA:177,2
DA:179,1
DA:180,2
DA:181,2
DA:182,2
DA:184,2
DA:186,2
DA:187,2
DA:188,2
DA:189,2
DA:191,2
DA:192,2
DA:194,2
DA:199,0
DA:200,0
DA:205,0
DA:209,1
DA:211,3
DA:213,0
DA:215,3
DA:217,0
DA:219,3
DA:221,0
DA:225,3
DA:230,1
DA:231,3
DA:237,3
DA:238,3
DA:240,3
DA:242,3
LF:128
LH:80
BRDA:11,1,0,3
BRDA:11,1,1,0
BRDA:15,2,0,3
BRDA:15,2,1,0
BRDA:18,3,0,3
BRDA:18,3,1,0
BRDA:57,4,0,0
BRDA:57,4,1,0
BRDA:72,5,0,3
BRDA:72,5,1,0
BRDA:92,6,0,0
BRDA:92,6,1,0
BRDA:118,7,0,0
BRDA:118,7,1,0
BRDA:118,8,0,0
BRDA:118,8,1,0
BRDA:142,9,0,0
BRDA:142,9,1,0
BRDA:182,10,0,2
BRDA:182,10,1,0
BRDA:182,11,0,2
BRDA:182,11,1,2
BRDA:184,12,0,0
BRDA:184,12,1,2
BRDA:184,13,0,2
BRDA:184,13,1,2
BRDA:186,14,0,2
BRDA:186,14,1,0
BRDA:192,15,0,2
BRDA:192,15,1,0
BRDA:211,16,0,0
BRDA:211,16,1,3
BRDA:215,17,0,0
BRDA:215,17,1,3
BRDA:215,18,0,3
BRDA:215,18,1,3
BRDA:219,19,0,0
BRDA:219,19,1,3
BRDA:219,20,0,3
BRDA:219,20,1,0
BRDA:234,21,0,0
BRDA:234,21,1,3
BRDA:234,22,0,3
BRDA:234,22,1,0
BRDA:238,23,0,3
BRDA:238,23,1,3
BRF:46
BRH:22
end_of_record
TN:
SF:/Users/vivekbajpai/Dropbox/Projects/VowpalWabbit/lib/queue.js
FN:1,Queue
FN:6,(anonymous_2)
FN:19,(anonymous_3)
FNF:3
FNH:3
FNDA:3,Queue
FNDA:2,(anonymous_2)
FNDA:2,(anonymous_3)
DA:1,1
DA:2,3
DA:3,3
DA:4,3
DA:6,1
DA:7,2
DA:8,2
DA:9,2
DA:10,2
DA:11,2
DA:12,2
DA:13,2
DA:14,0
DA:17,2
DA:19,1
DA:20,2
DA:23,1
LF:17
LH:16
BRDA:7,1,0,2
BRDA:7,1,1,0
BRDA:13,2,0,0
BRDA:13,2,1,2
BRF:4
BRH:2
end_of_record
TN:
SF:/Users/vivekbajpai/Dropbox/Projects/VowpalWabbit/lib/parser.js
FN:6,ReplyParser
FN:22,IncompleteReadBuffer
FN:28,small_toString
FN:37,(anonymous_4)
FN:46,(anonymous_5)
FN:89,(anonymous_6)
FN:130,(anonymous_7)
FN:140,(anonymous_8)
FN:145,(anonymous_9)
FN:149,(anonymous_10)
FN:153,(anonymous_11)
FNF:11
FNH:7
FNDA:3,ReplyParser
FNDA:0,IncompleteReadBuffer
FNDA:2,small_toString
FNDA:2,(anonymous_4)
FNDA:2,(anonymous_5)
FNDA:2,(anonymous_6)
FNDA:0,(anonymous_7)
FNDA:22,(anonymous_8)
FNDA:0,(anonymous_9)
FNDA:0,(anonymous_10)
FNDA:2,(anonymous_11)
DA:1,1
DA:4,1
DA:6,1
DA:7,3
DA:8,3
DA:10,3
DA:11,3
DA:12,3
DA:13,3
DA:14,3
DA:15,3
DA:18,1
DA:20,1
DA:22,1
DA:23,0
DA:24,0
DA:26,1
DA:28,1
DA:29,2
DA:31,2
DA:32,14
DA:34,2
DA:37,1
DA:38,2
DA:39,2
DA:41,2
DA:46,1
DA:47,2
DA:49,2
DA:51,2
DA:52,22
DA:54,22
DA:56,22
DA:58,0
DA:61,22
DA:63,22
DA:65,2
DA:68,2
DA:70,2
DA:71,0
DA:74,2
DA:80,2
DA:81,2
DA:83,0
DA:84,0
DA:89,1
DA:90,2
DA:92,0
DA:96,2
DA:97,2
DA:99,2
DA:103,0
DA:104,0
DA:105,0
DA:106,0
DA:107,0
DA:111,0
DA:112,0
DA:117,0
DA:120,0
DA:121,0
DA:123,0
DA:127,0
DA:130,1
DA:131,0
DA:134,0
DA:136,0
DA:140,1
DA:142,22
DA:145,1
DA:146,0
DA:149,1
DA:150,0
DA:153,1
DA:154,2
LF:75
LH:51
BRDA:8,1,0,3
BRDA:8,1,1,0
BRDA:56,2,0,0
BRDA:56,2,1,22
BRDA:63,3,0,2
BRDA:63,3,1,20
BRDA:70,4,0,0
BRDA:70,4,1,2
BRDA:80,5,0,2
BRDA:80,5,1,0
BRDA:90,6,0,0
BRDA:90,6,1,2
BRDA:96,7,0,2
BRDA:96,7,1,0
BRDA:103,8,0,0
BRDA:103,8,1,0
BRDA:111,9,0,0
BRDA:111,9,1,0
BRDA:142,10,0,0
BRDA:142,10,1,22
BRF:20
BRH:9
end_of_record
